This file contains any messages produced by compilers while
running configure, to aid debugging if configure makes a mistake.

It was created by Protocol Buffers configure 2.4.1, which was
generated by GNU Autoconf 2.69.  Invocation command line was

  $ ./configure --no-create --no-recursion

## --------- ##
## Platform. ##
## --------- ##

hostname = eric
uname -m = x86_64
uname -r = 3.12.0-4-generic
uname -s = Linux
uname -v = #10-Ubuntu SMP Thu Nov 21 22:07:26 UTC 2013

/usr/bin/uname -p = unknown
/bin/uname -X     = unknown

/bin/arch              = unknown
/usr/bin/arch -k       = unknown
/usr/convex/getsysinfo = unknown
/usr/bin/hostinfo      = unknown
/bin/machine           = unknown
/usr/bin/oslevel       = unknown
/bin/universe          = unknown

PATH: /opt/jdk1.7.0/bin
PATH: /opt/local/bin
PATH: /opt/local/sbin
PATH: /p/aos-sdk-private.git/src/main/shell
PATH: /a/aos-sdk.git/src/main/shell
PATH: /opt/node-v0.10.24-linux-x64/bin
PATH: /opt/vert.x-2.1.0-SNAPSHOT/bin
PATH: /opt/storm-0.9.0-wip3/bin
PATH: /opt/kafka-0.7.2-incubating-src/bin
PATH: /opt/apache-cassandra-1.2.0/bin
PATH: /opt/hive-0.7.1-cdh3u5/bin
PATH: /opt/pig-0.11.0-SNAPSHOT/bin
PATH: /opt/hbase-0.97.0-SNAPSHOT/bin
PATH: /opt/hadoop-3.0.0-SNAPSHOT/bin
PATH: /opt/hadoop-3.0.0-SNAPSHOT/sbin
PATH: /opt/zookeeper-3.5.0/bin
PATH: /opt/elasticsearch-1.0.0.RC1-SNAPSHOT/bin
PATH: /opt/apache-forrest-0.9/bin
PATH: /opt/android-studio/bin
PATH: /opt/adt-bundle-linux-x86_64-20131030/sdk/tools
PATH: /opt/adt-bundle-linux-x86_64-20131030/sdk/platform-tools
PATH: /opt/gradle-1.7/bin
PATH: /opt/apache-maven-3.0.5/bin
PATH: /opt/apache-ant-1.8.4/bin
PATH: /opt/sbt-0.13-snapshot/bin
PATH: /opt/scala-2.10.2/bin
PATH: /opt/leiningen-2.3.4/bin
PATH: /opt/xulrunner
PATH: /opt/jdk1.8.0-b117/bin
PATH: .
PATH: /usr/lib/lightdm/lightdm
PATH: /usr/local/sbin
PATH: /usr/local/bin
PATH: /usr/sbin
PATH: /usr/bin
PATH: /sbin
PATH: /bin
PATH: /usr/games
PATH: /usr/local/games
PATH: /opt/groovy-2.2.1/bin
PATH: /opt/grails-2.2.0/bin
PATH: /usr/local/pkg-config-0.23/bin


## ----------- ##
## Core tests. ##
## ----------- ##

configure:2647: checking build system type
configure:2661: result: x86_64-unknown-linux-gnu
configure:2681: checking host system type
configure:2694: result: x86_64-unknown-linux-gnu
configure:2714: checking target system type
configure:2727: result: x86_64-unknown-linux-gnu
configure:2770: checking for a BSD-compatible install
configure:2838: result: /usr/bin/install -c
configure:2849: checking whether build environment is sane
configure:2899: result: yes
configure:3040: checking for a thread-safe mkdir -p
configure:3079: result: /bin/mkdir -p
configure:3092: checking for gawk
configure:3122: result: no
configure:3092: checking for mawk
configure:3108: found /usr/bin/mawk
configure:3119: result: mawk
configure:3130: checking whether make sets $(MAKE)
configure:3152: result: yes
configure:3300: checking for gcc
configure:3316: found /usr/bin/gcc
configure:3327: result: gcc
configure:3556: checking for C compiler version
configure:3565: gcc --version >&5
gcc (Ubuntu/Linaro 4.8.2-12ubuntu2) 4.8.2
Copyright (C) 2013 Free Software Foundation, Inc.
This is free software; see the source for copying conditions.  There is NO
warranty; not even for MERCHANTABILITY or FITNESS FOR A PARTICULAR PURPOSE.

configure:3576: $? = 0
configure:3565: gcc -v >&5
Using built-in specs.
COLLECT_GCC=gcc
COLLECT_LTO_WRAPPER=/usr/lib/gcc/x86_64-linux-gnu/4.8/lto-wrapper
Target: x86_64-linux-gnu
Configured with: ../src/configure -v --with-pkgversion='Ubuntu/Linaro 4.8.2-12ubuntu2' --with-bugurl=file:///usr/share/doc/gcc-4.8/README.Bugs --enable-languages=c,c++,java,go,d,fortran,objc,obj-c++ --prefix=/usr --program-suffix=-4.8 --enable-shared --enable-linker-build-id --libexecdir=/usr/lib --without-included-gettext --enable-threads=posix --with-gxx-include-dir=/usr/include/c++/4.8 --libdir=/usr/lib --enable-nls --with-sysroot=/ --enable-clocale=gnu --enable-libstdcxx-debug --enable-libstdcxx-time=yes --enable-gnu-unique-object --disable-libmudflap --enable-plugin --with-system-zlib --disable-browser-plugin --enable-java-awt=gtk --enable-gtk-cairo --with-java-home=/usr/lib/jvm/java-1.5.0-gcj-4.8-amd64/jre --enable-java-home --with-jvm-root-dir=/usr/lib/jvm/java-1.5.0-gcj-4.8-amd64 --with-jvm-jar-dir=/usr/lib/jvm-exports/java-1.5.0-gcj-4.8-amd64 --with-arch-directory=amd64 --with-ecj-jar=/usr/share/java/eclipse-ecj.jar --enable-objc-gc --enable-multiarch --disable-werror --with-arch-32=i686 --with-abi=m64 --with-multilib-list=m32,m64,mx32 --with-tune=generic --enable-checking=release --build=x86_64-linux-gnu --host=x86_64-linux-gnu --target=x86_64-linux-gnu
Thread model: posix
gcc version 4.8.2 (Ubuntu/Linaro 4.8.2-12ubuntu2) 
configure:3576: $? = 0
configure:3565: gcc -V >&5
gcc: error: unrecognized command line option '-V'
gcc: fatal error: no input files
compilation terminated.
configure:3576: $? = 4
configure:3565: gcc -qversion >&5
gcc: error: unrecognized command line option '-qversion'
gcc: fatal error: no input files
compilation terminated.
configure:3576: $? = 4
configure:3596: checking whether the C compiler works
configure:3618: gcc    conftest.c  >&5
configure:3622: $? = 0
configure:3670: result: yes
configure:3673: checking for C compiler default output file name
configure:3675: result: a.out
configure:3681: checking for suffix of executables
configure:3688: gcc -o conftest    conftest.c  >&5
configure:3692: $? = 0
configure:3714: result: 
configure:3736: checking whether we are cross compiling
configure:3744: gcc -o conftest    conftest.c  >&5
configure:3748: $? = 0
configure:3755: ./conftest
configure:3759: $? = 0
configure:3774: result: no
configure:3779: checking for suffix of object files
configure:3801: gcc -c   conftest.c >&5
configure:3805: $? = 0
configure:3826: result: o
configure:3830: checking whether we are using the GNU C compiler
configure:3849: gcc -c   conftest.c >&5
configure:3849: $? = 0
configure:3858: result: yes
configure:3867: checking whether gcc accepts -g
configure:3887: gcc -c -g  conftest.c >&5
configure:3887: $? = 0
configure:3928: result: yes
configure:3945: checking for gcc option to accept ISO C89
configure:4008: gcc  -c   conftest.c >&5
configure:4008: $? = 0
configure:4021: result: none needed
configure:4052: checking for style of include used by make
configure:4080: result: GNU
configure:4105: checking dependency style of gcc
configure:4215: result: gcc3
configure:4288: checking for g++
configure:4304: found /usr/bin/g++
configure:4315: result: g++
configure:4342: checking for C++ compiler version
configure:4351: g++ --version >&5
g++ (Ubuntu/Linaro 4.8.2-12ubuntu2) 4.8.2
Copyright (C) 2013 Free Software Foundation, Inc.
This is free software; see the source for copying conditions.  There is NO
warranty; not even for MERCHANTABILITY or FITNESS FOR A PARTICULAR PURPOSE.

configure:4362: $? = 0
configure:4351: g++ -v >&5
Using built-in specs.
COLLECT_GCC=g++
COLLECT_LTO_WRAPPER=/usr/lib/gcc/x86_64-linux-gnu/4.8/lto-wrapper
Target: x86_64-linux-gnu
Configured with: ../src/configure -v --with-pkgversion='Ubuntu/Linaro 4.8.2-12ubuntu2' --with-bugurl=file:///usr/share/doc/gcc-4.8/README.Bugs --enable-languages=c,c++,java,go,d,fortran,objc,obj-c++ --prefix=/usr --program-suffix=-4.8 --enable-shared --enable-linker-build-id --libexecdir=/usr/lib --without-included-gettext --enable-threads=posix --with-gxx-include-dir=/usr/include/c++/4.8 --libdir=/usr/lib --enable-nls --with-sysroot=/ --enable-clocale=gnu --enable-libstdcxx-debug --enable-libstdcxx-time=yes --enable-gnu-unique-object --disable-libmudflap --enable-plugin --with-system-zlib --disable-browser-plugin --enable-java-awt=gtk --enable-gtk-cairo --with-java-home=/usr/lib/jvm/java-1.5.0-gcj-4.8-amd64/jre --enable-java-home --with-jvm-root-dir=/usr/lib/jvm/java-1.5.0-gcj-4.8-amd64 --with-jvm-jar-dir=/usr/lib/jvm-exports/java-1.5.0-gcj-4.8-amd64 --with-arch-directory=amd64 --with-ecj-jar=/usr/share/java/eclipse-ecj.jar --enable-objc-gc --enable-multiarch --disable-werror --with-arch-32=i686 --with-abi=m64 --with-multilib-list=m32,m64,mx32 --with-tune=generic --enable-checking=release --build=x86_64-linux-gnu --host=x86_64-linux-gnu --target=x86_64-linux-gnu
Thread model: posix
gcc version 4.8.2 (Ubuntu/Linaro 4.8.2-12ubuntu2) 
configure:4362: $? = 0
configure:4351: g++ -V >&5
g++: error: unrecognized command line option '-V'
g++: fatal error: no input files
compilation terminated.
configure:4362: $? = 4
configure:4351: g++ -qversion >&5
g++: error: unrecognized command line option '-qversion'
g++: fatal error: no input files
compilation terminated.
configure:4362: $? = 4
configure:4366: checking whether we are using the GNU C++ compiler
configure:4385: g++ -c   conftest.cpp >&5
configure:4385: $? = 0
configure:4394: result: yes
configure:4403: checking whether g++ accepts -g
configure:4423: g++ -c -g  conftest.cpp >&5
configure:4423: $? = 0
configure:4464: result: yes
configure:4489: checking dependency style of g++
configure:4599: result: gcc3
configure:4626: checking how to run the C++ preprocessor
configure:4653: g++ -E  conftest.cpp
configure:4653: $? = 0
configure:4667: g++ -E  conftest.cpp
conftest.cpp:11:28: fatal error: ac_nonexistent.h: No such file or directory
 #include <ac_nonexistent.h>
                            ^
compilation terminated.
configure:4667: $? = 1
configure: failed program was:
| /* confdefs.h */
| #define PACKAGE_NAME "Protocol Buffers"
| #define PACKAGE_TARNAME "protobuf"
| #define PACKAGE_VERSION "2.4.1"
| #define PACKAGE_STRING "Protocol Buffers 2.4.1"
| #define PACKAGE_BUGREPORT "protobuf@googlegroups.com"
| #define PACKAGE_URL ""
| #define PACKAGE "protobuf"
| #define VERSION "2.4.1"
| /* end confdefs.h.  */
| #include <ac_nonexistent.h>
configure:4692: result: g++ -E
configure:4712: g++ -E  conftest.cpp
configure:4712: $? = 0
configure:4726: g++ -E  conftest.cpp
conftest.cpp:11:28: fatal error: ac_nonexistent.h: No such file or directory
 #include <ac_nonexistent.h>
                            ^
compilation terminated.
configure:4726: $? = 1
configure: failed program was:
| /* confdefs.h */
| #define PACKAGE_NAME "Protocol Buffers"
| #define PACKAGE_TARNAME "protobuf"
| #define PACKAGE_VERSION "2.4.1"
| #define PACKAGE_STRING "Protocol Buffers 2.4.1"
| #define PACKAGE_BUGREPORT "protobuf@googlegroups.com"
| #define PACKAGE_URL ""
| #define PACKAGE "protobuf"
| #define VERSION "2.4.1"
| /* end confdefs.h.  */
| #include <ac_nonexistent.h>
configure:4755: checking for grep that handles long lines and -e
configure:4813: result: /bin/grep
configure:4818: checking for egrep
configure:4880: result: /bin/grep -E
configure:4885: checking for ANSI C header files
configure:4905: g++ -c   conftest.cpp >&5
configure:4905: $? = 0
configure:4978: g++ -o conftest    conftest.cpp  >&5
configure:4978: $? = 0
configure:4978: ./conftest
configure:4978: $? = 0
configure:4989: result: yes
configure:5002: checking for sys/types.h
configure:5002: g++ -c   conftest.cpp >&5
configure:5002: $? = 0
configure:5002: result: yes
configure:5002: checking for sys/stat.h
configure:5002: g++ -c   conftest.cpp >&5
configure:5002: $? = 0
configure:5002: result: yes
configure:5002: checking for stdlib.h
configure:5002: g++ -c   conftest.cpp >&5
configure:5002: $? = 0
configure:5002: result: yes
configure:5002: checking for string.h
configure:5002: g++ -c   conftest.cpp >&5
configure:5002: $? = 0
configure:5002: result: yes
configure:5002: checking for memory.h
configure:5002: g++ -c   conftest.cpp >&5
configure:5002: $? = 0
configure:5002: result: yes
configure:5002: checking for strings.h
configure:5002: g++ -c   conftest.cpp >&5
configure:5002: $? = 0
configure:5002: result: yes
configure:5002: checking for inttypes.h
configure:5002: g++ -c   conftest.cpp >&5
configure:5002: $? = 0
configure:5002: result: yes
configure:5002: checking for stdint.h
configure:5002: g++ -c   conftest.cpp >&5
configure:5002: $? = 0
configure:5002: result: yes
configure:5002: checking for unistd.h
configure:5002: g++ -c   conftest.cpp >&5
configure:5002: $? = 0
configure:5002: result: yes
configure:5015: checking minix/config.h usability
configure:5015: g++ -c   conftest.cpp >&5
conftest.cpp:54:26: fatal error: minix/config.h: No such file or directory
 #include <minix/config.h>
                          ^
compilation terminated.
configure:5015: $? = 1
configure: failed program was:
| /* confdefs.h */
| #define PACKAGE_NAME "Protocol Buffers"
| #define PACKAGE_TARNAME "protobuf"
| #define PACKAGE_VERSION "2.4.1"
| #define PACKAGE_STRING "Protocol Buffers 2.4.1"
| #define PACKAGE_BUGREPORT "protobuf@googlegroups.com"
| #define PACKAGE_URL ""
| #define PACKAGE "protobuf"
| #define VERSION "2.4.1"
| #define STDC_HEADERS 1
| #define HAVE_SYS_TYPES_H 1
| #define HAVE_SYS_STAT_H 1
| #define HAVE_STDLIB_H 1
| #define HAVE_STRING_H 1
| #define HAVE_MEMORY_H 1
| #define HAVE_STRINGS_H 1
| #define HAVE_INTTYPES_H 1
| #define HAVE_STDINT_H 1
| #define HAVE_UNISTD_H 1
| /* end confdefs.h.  */
| #include <stdio.h>
| #ifdef HAVE_SYS_TYPES_H
| # include <sys/types.h>
| #endif
| #ifdef HAVE_SYS_STAT_H
| # include <sys/stat.h>
| #endif
| #ifdef STDC_HEADERS
| # include <stdlib.h>
| # include <stddef.h>
| #else
| # ifdef HAVE_STDLIB_H
| #  include <stdlib.h>
| # endif
| #endif
| #ifdef HAVE_STRING_H
| # if !defined STDC_HEADERS && defined HAVE_MEMORY_H
| #  include <memory.h>
| # endif
| # include <string.h>
| #endif
| #ifdef HAVE_STRINGS_H
| # include <strings.h>
| #endif
| #ifdef HAVE_INTTYPES_H
| # include <inttypes.h>
| #endif
| #ifdef HAVE_STDINT_H
| # include <stdint.h>
| #endif
| #ifdef HAVE_UNISTD_H
| # include <unistd.h>
| #endif
| #include <minix/config.h>
configure:5015: result: no
configure:5015: checking minix/config.h presence
configure:5015: g++ -E  conftest.cpp
conftest.cpp:21:26: fatal error: minix/config.h: No such file or directory
 #include <minix/config.h>
                          ^
compilation terminated.
configure:5015: $? = 1
configure: failed program was:
| /* confdefs.h */
| #define PACKAGE_NAME "Protocol Buffers"
| #define PACKAGE_TARNAME "protobuf"
| #define PACKAGE_VERSION "2.4.1"
| #define PACKAGE_STRING "Protocol Buffers 2.4.1"
| #define PACKAGE_BUGREPORT "protobuf@googlegroups.com"
| #define PACKAGE_URL ""
| #define PACKAGE "protobuf"
| #define VERSION "2.4.1"
| #define STDC_HEADERS 1
| #define HAVE_SYS_TYPES_H 1
| #define HAVE_SYS_STAT_H 1
| #define HAVE_STDLIB_H 1
| #define HAVE_STRING_H 1
| #define HAVE_MEMORY_H 1
| #define HAVE_STRINGS_H 1
| #define HAVE_INTTYPES_H 1
| #define HAVE_STDINT_H 1
| #define HAVE_UNISTD_H 1
| /* end confdefs.h.  */
| #include <minix/config.h>
configure:5015: result: no
configure:5015: checking for minix/config.h
configure:5015: result: no
configure:5036: checking whether it is safe to define __EXTENSIONS__
configure:5054: g++ -c   conftest.cpp >&5
configure:5054: $? = 0
configure:5061: result: yes
configure:5090: checking C++ compiler flags...
configure:5106: result: use default: -O2  -g -DNDEBUG
configure:5126: checking whether __SUNPRO_CC is declared
configure:5126: g++ -c  -g -DNDEBUG  conftest.cpp >&5
conftest.cpp: In function 'int main()':
conftest.cpp:64:10: error: '__SUNPRO_CC' was not declared in this scope
   (void) __SUNPRO_CC;
          ^
configure:5126: $? = 1
configure: failed program was:
| /* confdefs.h */
| #define PACKAGE_NAME "Protocol Buffers"
| #define PACKAGE_TARNAME "protobuf"
| #define PACKAGE_VERSION "2.4.1"
| #define PACKAGE_STRING "Protocol Buffers 2.4.1"
| #define PACKAGE_BUGREPORT "protobuf@googlegroups.com"
| #define PACKAGE_URL ""
| #define PACKAGE "protobuf"
| #define VERSION "2.4.1"
| #define STDC_HEADERS 1
| #define HAVE_SYS_TYPES_H 1
| #define HAVE_SYS_STAT_H 1
| #define HAVE_STDLIB_H 1
| #define HAVE_STRING_H 1
| #define HAVE_MEMORY_H 1
| #define HAVE_STRINGS_H 1
| #define HAVE_INTTYPES_H 1
| #define HAVE_STDINT_H 1
| #define HAVE_UNISTD_H 1
| #define __EXTENSIONS__ 1
| #define _ALL_SOURCE 1
| #define _GNU_SOURCE 1
| #define _POSIX_PTHREAD_SEMANTICS 1
| #define _TANDEM_SOURCE 1
| /* end confdefs.h.  */
| #include <stdio.h>
| #ifdef HAVE_SYS_TYPES_H
| # include <sys/types.h>
| #endif
| #ifdef HAVE_SYS_STAT_H
| # include <sys/stat.h>
| #endif
| #ifdef STDC_HEADERS
| # include <stdlib.h>
| # include <stddef.h>
| #else
| # ifdef HAVE_STDLIB_H
| #  include <stdlib.h>
| # endif
| #endif
| #ifdef HAVE_STRING_H
| # if !defined STDC_HEADERS && defined HAVE_MEMORY_H
| #  include <memory.h>
| # endif
| # include <string.h>
| #endif
| #ifdef HAVE_STRINGS_H
| # include <strings.h>
| #endif
| #ifdef HAVE_INTTYPES_H
| # include <inttypes.h>
| #endif
| #ifdef HAVE_STDINT_H
| # include <stdint.h>
| #endif
| #ifdef HAVE_UNISTD_H
| # include <unistd.h>
| #endif
| int
| main ()
| {
| #ifndef __SUNPRO_CC
| #ifdef __cplusplus
|   (void) __SUNPRO_CC;
| #else
|   (void) __SUNPRO_CC;
| #endif
| #endif
| 
|   ;
|   return 0;
| }
configure:5126: result: no
configure:5277: checking for a sed that does not truncate output
configure:5341: result: /bin/sed
configure:5359: checking for fgrep
configure:5421: result: /bin/grep -F
configure:5456: checking for ld used by gcc
configure:5523: result: /usr/bin/ld
configure:5530: checking if the linker (/usr/bin/ld) is GNU ld
configure:5545: result: yes
configure:5557: checking for BSD- or MS-compatible name lister (nm)
configure:5606: result: /usr/bin/nm -B
configure:5724: checking the name lister (/usr/bin/nm -B) interface
configure:5731: g++ -c  -g -DNDEBUG  conftest.cpp >&5
configure:5734: /usr/bin/nm -B "conftest.o"
configure:5737: output
0000000000000000 B some_variable
configure:5744: result: BSD nm
configure:5747: checking whether ln -s works
configure:5751: result: yes
configure:5759: checking the maximum length of command line arguments
configure:5879: result: 3458764513820540925
configure:5896: checking whether the shell understands some XSI constructs
configure:5906: result: yes
configure:5910: checking whether the shell understands "+="
configure:5916: result: yes
configure:5951: checking for /usr/bin/ld option to reload object files
configure:5958: result: -r
configure:6027: checking for objdump
configure:6043: found /usr/bin/objdump
configure:6054: result: objdump
configure:6086: checking how to recognize dependent libraries
configure:6282: result: pass_all
configure:6342: checking for ar
configure:6358: found /usr/bin/ar
configure:6369: result: ar
configure:6447: checking for strip
configure:6463: found /usr/bin/strip
configure:6474: result: strip
configure:6546: checking for ranlib
configure:6562: found /usr/bin/ranlib
configure:6573: result: ranlib
configure:6663: checking command to parse /usr/bin/nm -B output from gcc object
configure:6781: g++ -c  -g -DNDEBUG  conftest.cpp >&5
configure:6784: $? = 0
configure:6788: /usr/bin/nm -B conftest.o \| sed -n -e 's/^.*[	 ]\([ABCDGIRSTW][ABCDGIRSTW]*\)[	 ][	 ]*\([_A-Za-z][_A-Za-z0-9]*\)$/\1 \2 \2/p' \> conftest.nm
configure:6791: $? = 0
configure:6845: g++ -o conftest  -g -DNDEBUG   conftest.cpp conftstm.o >&5
configure:6848: $? = 0
configure:6886: result: ok
configure:6982: g++ -c  -g -DNDEBUG  conftest.cpp >&5
configure:6985: $? = 0
configure:7692: checking for dlfcn.h
configure:7692: g++ -c  -g -DNDEBUG  conftest.cpp >&5
configure:7692: $? = 0
configure:7692: result: yes
configure:7817: checking for C++ compiler version
configure:7826: g++ --version >&5
g++ (Ubuntu/Linaro 4.8.2-12ubuntu2) 4.8.2
Copyright (C) 2013 Free Software Foundation, Inc.
This is free software; see the source for copying conditions.  There is NO
warranty; not even for MERCHANTABILITY or FITNESS FOR A PARTICULAR PURPOSE.

configure:7837: $? = 0
configure:7826: g++ -v >&5
Using built-in specs.
COLLECT_GCC=g++
COLLECT_LTO_WRAPPER=/usr/lib/gcc/x86_64-linux-gnu/4.8/lto-wrapper
Target: x86_64-linux-gnu
Configured with: ../src/configure -v --with-pkgversion='Ubuntu/Linaro 4.8.2-12ubuntu2' --with-bugurl=file:///usr/share/doc/gcc-4.8/README.Bugs --enable-languages=c,c++,java,go,d,fortran,objc,obj-c++ --prefix=/usr --program-suffix=-4.8 --enable-shared --enable-linker-build-id --libexecdir=/usr/lib --without-included-gettext --enable-threads=posix --with-gxx-include-dir=/usr/include/c++/4.8 --libdir=/usr/lib --enable-nls --with-sysroot=/ --enable-clocale=gnu --enable-libstdcxx-debug --enable-libstdcxx-time=yes --enable-gnu-unique-object --disable-libmudflap --enable-plugin --with-system-zlib --disable-browser-plugin --enable-java-awt=gtk --enable-gtk-cairo --with-java-home=/usr/lib/jvm/java-1.5.0-gcj-4.8-amd64/jre --enable-java-home --with-jvm-root-dir=/usr/lib/jvm/java-1.5.0-gcj-4.8-amd64 --with-jvm-jar-dir=/usr/lib/jvm-exports/java-1.5.0-gcj-4.8-amd64 --with-arch-directory=amd64 --with-ecj-jar=/usr/share/java/eclipse-ecj.jar --enable-objc-gc --enable-multiarch --disable-werror --with-arch-32=i686 --with-abi=m64 --with-multilib-list=m32,m64,mx32 --with-tune=generic --enable-checking=release --build=x86_64-linux-gnu --host=x86_64-linux-gnu --target=x86_64-linux-gnu
Thread model: posix
gcc version 4.8.2 (Ubuntu/Linaro 4.8.2-12ubuntu2) 
configure:7837: $? = 0
configure:7826: g++ -V >&5
g++: error: unrecognized command line option '-V'
g++: fatal error: no input files
compilation terminated.
configure:7837: $? = 4
configure:7826: g++ -qversion >&5
g++: error: unrecognized command line option '-qversion'
g++: fatal error: no input files
compilation terminated.
configure:7837: $? = 4
configure:7841: checking whether we are using the GNU C++ compiler
configure:7869: result: yes
configure:7878: checking whether g++ accepts -g
configure:7939: result: yes
configure:7964: checking dependency style of g++
configure:8074: result: gcc3
configure:8097: checking how to run the C++ preprocessor
configure:8163: result: g++ -E
configure:8183: g++ -E  conftest.cpp
configure:8183: $? = 0
configure:8197: g++ -E  conftest.cpp
conftest.cpp:27:28: fatal error: ac_nonexistent.h: No such file or directory
 #include <ac_nonexistent.h>
                            ^
compilation terminated.
configure:8197: $? = 1
configure: failed program was:
| /* confdefs.h */
| #define PACKAGE_NAME "Protocol Buffers"
| #define PACKAGE_TARNAME "protobuf"
| #define PACKAGE_VERSION "2.4.1"
| #define PACKAGE_STRING "Protocol Buffers 2.4.1"
| #define PACKAGE_BUGREPORT "protobuf@googlegroups.com"
| #define PACKAGE_URL ""
| #define PACKAGE "protobuf"
| #define VERSION "2.4.1"
| #define STDC_HEADERS 1
| #define HAVE_SYS_TYPES_H 1
| #define HAVE_SYS_STAT_H 1
| #define HAVE_STDLIB_H 1
| #define HAVE_STRING_H 1
| #define HAVE_MEMORY_H 1
| #define HAVE_STRINGS_H 1
| #define HAVE_INTTYPES_H 1
| #define HAVE_STDINT_H 1
| #define HAVE_UNISTD_H 1
| #define __EXTENSIONS__ 1
| #define _ALL_SOURCE 1
| #define _GNU_SOURCE 1
| #define _POSIX_PTHREAD_SEMANTICS 1
| #define _TANDEM_SOURCE 1
| #define HAVE_DLFCN_H 1
| /* end confdefs.h.  */
| #include <ac_nonexistent.h>
configure:8402: checking for objdir
configure:8417: result: .libs
configure:8713: checking if gcc supports -fno-rtti -fno-exceptions
configure:8731: gcc -c   -fno-rtti -fno-exceptions conftest.c >&5
cc1: warning: command line option '-fno-rtti' is valid for C++/ObjC++ but not for C [enabled by default]
configure:8735: $? = 0
configure:8748: result: no
configure:8768: checking for gcc option to produce PIC
configure:9040: result: -fPIC -DPIC
configure:9052: checking if gcc PIC flag -fPIC -DPIC works
configure:9070: gcc -c   -fPIC -DPIC -DPIC conftest.c >&5
configure:9074: $? = 0
configure:9087: result: yes
configure:9111: checking if gcc static flag -static works
configure:9139: result: yes
configure:9154: checking if gcc supports -c -o file.o
configure:9175: gcc -c   -o out/conftest2.o conftest.c >&5
configure:9179: $? = 0
configure:9201: result: yes
configure:9209: checking if gcc supports -c -o file.o
configure:9256: result: yes
configure:9289: checking whether the gcc linker (/usr/bin/ld -m elf_x86_64) supports shared libraries
configure:10280: result: yes
configure:10317: checking whether -lc should be explicitly linked in
configure:10322: gcc -c   conftest.c >&5
configure:10325: $? = 0
configure:10340: gcc -shared conftest.o  -v -Wl,-soname -Wl,conftest -o conftest 2\>\&1 \| /bin/grep  -lc  \>/dev/null 2\>\&1
configure:10343: $? = 0
configure:10355: result: no
configure:10519: checking dynamic linker characteristics
configure:10952: gcc -o conftest    -Wl,-rpath -Wl,/foo conftest.c  >&5
configure:10952: $? = 0
configure:11182: result: GNU/Linux ld.so
configure:11284: checking how to hardcode library paths into programs
configure:11309: result: immediate
configure:11829: checking whether stripping libraries is possible
configure:11834: result: yes
configure:11869: checking if libtool supports shared libraries
configure:11871: result: yes
configure:11874: checking whether to build shared libraries
configure:11895: result: yes
configure:11898: checking whether to build static libraries
configure:11902: result: yes
configure:12052: checking for ld used by g++
configure:12119: result: /usr/bin/ld -m elf_x86_64
configure:12126: checking if the linker (/usr/bin/ld -m elf_x86_64) is GNU ld
configure:12141: result: yes
configure:12196: checking whether the g++ linker (/usr/bin/ld -m elf_x86_64) supports shared libraries
configure:13109: result: yes
configure:13137: g++ -c  -g -DNDEBUG  conftest.cpp >&5
configure:13140: $? = 0
configure:13322: checking for g++ option to produce PIC
configure:13639: result: -fPIC -DPIC
configure:13648: checking if g++ PIC flag -fPIC -DPIC works
configure:13666: g++ -c  -g -DNDEBUG  -fPIC -DPIC -DPIC conftest.cpp >&5
configure:13670: $? = 0
configure:13683: result: yes
configure:13704: checking if g++ static flag -static works
configure:13732: result: yes
configure:13744: checking if g++ supports -c -o file.o
configure:13765: g++ -c  -g -DNDEBUG  -o out/conftest2.o conftest.cpp >&5
configure:13769: $? = 0
configure:13791: result: yes
configure:13796: checking if g++ supports -c -o file.o
configure:13843: result: yes
configure:13873: checking whether the g++ linker (/usr/bin/ld -m elf_x86_64) supports shared libraries
configure:13902: result: yes
configure:14039: checking dynamic linker characteristics
configure:14420: g++ -o conftest  -g -DNDEBUG   -Wl,-rpath -Wl,/foo conftest.cpp  >&5
configure:14420: $? = 0
configure:14650: result: GNU/Linux ld.so
configure:14701: checking how to hardcode library paths into programs
configure:14726: result: immediate
configure:14786: checking for ANSI C header files
configure:14890: result: yes
configure:14901: checking fcntl.h usability
configure:14901: g++ -c  -g -DNDEBUG  conftest.cpp >&5
configure:14901: $? = 0
configure:14901: result: yes
configure:14901: checking fcntl.h presence
configure:14901: g++ -E  conftest.cpp
configure:14901: $? = 0
configure:14901: result: yes
configure:14901: checking for fcntl.h
configure:14901: result: yes
configure:14901: checking for inttypes.h
configure:14901: result: yes
configure:14901: checking limits.h usability
configure:14901: g++ -c  -g -DNDEBUG  conftest.cpp >&5
configure:14901: $? = 0
configure:14901: result: yes
configure:14901: checking limits.h presence
configure:14901: g++ -E  conftest.cpp
configure:14901: $? = 0
configure:14901: result: yes
configure:14901: checking for limits.h
configure:14901: result: yes
configure:14901: checking for stdlib.h
configure:14901: result: yes
configure:14901: checking for unistd.h
configure:14901: result: yes
configure:14913: checking for working memcmp
configure:14956: g++ -o conftest  -g -DNDEBUG   conftest.cpp  >&5
configure:14956: $? = 0
configure:14956: ./conftest
configure:14956: $? = 0
configure:14966: result: yes
configure:14975: checking for working strtod
configure:15016: g++ -o conftest  -g -DNDEBUG   conftest.cpp  >&5
conftest.cpp: In function 'int main()':
conftest.cpp:76:20: warning: deprecated conversion from string constant to 'char*' [-Wwrite-strings]
     char *string = " +69";
                    ^
conftest.cpp:87:20: warning: deprecated conversion from string constant to 'char*' [-Wwrite-strings]
     char *string = "NaN";
                    ^
configure:15016: $? = 0
configure:15016: ./conftest
configure:15016: $? = 0
configure:15026: result: yes
configure:15091: checking for ftruncate
configure:15091: g++ -o conftest  -g -DNDEBUG   conftest.cpp  >&5
configure:15091: $? = 0
configure:15091: result: yes
configure:15091: checking for memset
configure:15091: g++ -o conftest  -g -DNDEBUG   conftest.cpp  >&5
configure:15091: $? = 0
configure:15091: result: yes
configure:15091: checking for mkdir
configure:15091: g++ -o conftest  -g -DNDEBUG   conftest.cpp  >&5
configure:15091: $? = 0
configure:15091: result: yes
configure:15091: checking for strchr
configure:15091: g++ -o conftest  -g -DNDEBUG   conftest.cpp  >&5
configure:15091: $? = 0
configure:15091: result: yes
configure:15091: checking for strerror
configure:15091: g++ -o conftest  -g -DNDEBUG   conftest.cpp  >&5
configure:15091: $? = 0
configure:15091: result: yes
configure:15091: checking for strtol
configure:15091: g++ -o conftest  -g -DNDEBUG   conftest.cpp  >&5
configure:15091: $? = 0
configure:15091: result: yes
configure:15105: checking zlib version
configure:15125: g++ -c  -g -DNDEBUG  conftest.cpp >&5
configure:15125: $? = 0
configure:15127: result: ok (1.2.0.4 or later)
configure:15131: checking for library containing zlibVersion
configure:15162: g++ -o conftest  -g -DNDEBUG   conftest.cpp  >&5
/tmp/ccAh98Fx.o: In function `main':
/t/data/structure/protobuf/src/c/protoc-2.4.1/protobuf-2.4.1/conftest.cpp:51: undefined reference to `zlibVersion'
collect2: error: ld returned 1 exit status
configure:15162: $? = 1
configure: failed program was:
| /* confdefs.h */
| #define PACKAGE_NAME "Protocol Buffers"
| #define PACKAGE_TARNAME "protobuf"
| #define PACKAGE_VERSION "2.4.1"
| #define PACKAGE_STRING "Protocol Buffers 2.4.1"
| #define PACKAGE_BUGREPORT "protobuf@googlegroups.com"
| #define PACKAGE_URL ""
| #define PACKAGE "protobuf"
| #define VERSION "2.4.1"
| #define STDC_HEADERS 1
| #define HAVE_SYS_TYPES_H 1
| #define HAVE_SYS_STAT_H 1
| #define HAVE_STDLIB_H 1
| #define HAVE_STRING_H 1
| #define HAVE_MEMORY_H 1
| #define HAVE_STRINGS_H 1
| #define HAVE_INTTYPES_H 1
| #define HAVE_STDINT_H 1
| #define HAVE_UNISTD_H 1
| #define __EXTENSIONS__ 1
| #define _ALL_SOURCE 1
| #define _GNU_SOURCE 1
| #define _POSIX_PTHREAD_SEMANTICS 1
| #define _TANDEM_SOURCE 1
| #define HAVE_DLFCN_H 1
| #define LT_OBJDIR ".libs/"
| #define STDC_HEADERS 1
| #define HAVE_FCNTL_H 1
| #define HAVE_INTTYPES_H 1
| #define HAVE_LIMITS_H 1
| #define HAVE_STDLIB_H 1
| #define HAVE_UNISTD_H 1
| #define HAVE_FTRUNCATE 1
| #define HAVE_MEMSET 1
| #define HAVE_MKDIR 1
| #define HAVE_STRCHR 1
| #define HAVE_STRERROR 1
| #define HAVE_STRTOL 1
| /* end confdefs.h.  */
| 
| /* Override any GCC internal prototype to avoid an error.
|    Use char because int might match the return type of a GCC
|    builtin and then its argument prototype would still apply.  */
| #ifdef __cplusplus
| extern "C"
| #endif
| char zlibVersion ();
| int
| main ()
| {
| return zlibVersion ();
|   ;
|   return 0;
| }
configure:15162: g++ -o conftest  -g -DNDEBUG   conftest.cpp -lz   >&5
configure:15162: $? = 0
configure:15179: result: -lz
configure:15430: checking for the pthreads library -lpthreads
configure:15463: gcc -o conftest     conftest.c -lpthreads -lz  >&5
conftest.c: In function 'main':
conftest.c:46:22: warning: null argument where non-null required (argument 1) [-Wnonnull]
                      pthread_attr_init(0); pthread_cleanup_push(0, 0);
                      ^
conftest.c:47:22: warning: null argument where non-null required (argument 1) [-Wnonnull]
                      pthread_create(0,0,0,0); pthread_cleanup_pop(0);
                      ^
conftest.c:47:22: warning: null argument where non-null required (argument 3) [-Wnonnull]
/usr/bin/ld: cannot find -lpthreads
collect2: error: ld returned 1 exit status
configure:15463: $? = 1
configure: failed program was:
| /* confdefs.h */
| #define PACKAGE_NAME "Protocol Buffers"
| #define PACKAGE_TARNAME "protobuf"
| #define PACKAGE_VERSION "2.4.1"
| #define PACKAGE_STRING "Protocol Buffers 2.4.1"
| #define PACKAGE_BUGREPORT "protobuf@googlegroups.com"
| #define PACKAGE_URL ""
| #define PACKAGE "protobuf"
| #define VERSION "2.4.1"
| #define STDC_HEADERS 1
| #define HAVE_SYS_TYPES_H 1
| #define HAVE_SYS_STAT_H 1
| #define HAVE_STDLIB_H 1
| #define HAVE_STRING_H 1
| #define HAVE_MEMORY_H 1
| #define HAVE_STRINGS_H 1
| #define HAVE_INTTYPES_H 1
| #define HAVE_STDINT_H 1
| #define HAVE_UNISTD_H 1
| #define __EXTENSIONS__ 1
| #define _ALL_SOURCE 1
| #define _GNU_SOURCE 1
| #define _POSIX_PTHREAD_SEMANTICS 1
| #define _TANDEM_SOURCE 1
| #define HAVE_DLFCN_H 1
| #define LT_OBJDIR ".libs/"
| #define STDC_HEADERS 1
| #define HAVE_FCNTL_H 1
| #define HAVE_INTTYPES_H 1
| #define HAVE_LIMITS_H 1
| #define HAVE_STDLIB_H 1
| #define HAVE_UNISTD_H 1
| #define HAVE_FTRUNCATE 1
| #define HAVE_MEMSET 1
| #define HAVE_MKDIR 1
| #define HAVE_STRCHR 1
| #define HAVE_STRERROR 1
| #define HAVE_STRTOL 1
| #define HAVE_ZLIB 1
| /* end confdefs.h.  */
| #include <pthread.h>
| int
| main ()
| {
| pthread_t th; pthread_join(th, 0);
|                      pthread_attr_init(0); pthread_cleanup_push(0, 0);
|                      pthread_create(0,0,0,0); pthread_cleanup_pop(0);
|   ;
|   return 0;
| }
configure:15472: result: no
configure:15375: checking whether pthreads work without any flags
configure:15463: gcc -o conftest     conftest.c  -lz  >&5
conftest.c: In function 'main':
conftest.c:46:22: warning: null argument where non-null required (argument 1) [-Wnonnull]
                      pthread_attr_init(0); pthread_cleanup_push(0, 0);
                      ^
conftest.c:47:22: warning: null argument where non-null required (argument 1) [-Wnonnull]
                      pthread_create(0,0,0,0); pthread_cleanup_pop(0);
                      ^
conftest.c:47:22: warning: null argument where non-null required (argument 3) [-Wnonnull]
/tmp/ccfcgPsP.o: In function `main':
conftest.c:(.text+0x1b): undefined reference to `pthread_join'
conftest.c:(.text+0x7e): undefined reference to `__pthread_register_cancel'
conftest.c:(.text+0x97): undefined reference to `pthread_create'
conftest.c:(.text+0xa3): undefined reference to `__pthread_unregister_cancel'
collect2: error: ld returned 1 exit status
configure:15463: $? = 1
configure: failed program was:
| /* confdefs.h */
| #define PACKAGE_NAME "Protocol Buffers"
| #define PACKAGE_TARNAME "protobuf"
| #define PACKAGE_VERSION "2.4.1"
| #define PACKAGE_STRING "Protocol Buffers 2.4.1"
| #define PACKAGE_BUGREPORT "protobuf@googlegroups.com"
| #define PACKAGE_URL ""
| #define PACKAGE "protobuf"
| #define VERSION "2.4.1"
| #define STDC_HEADERS 1
| #define HAVE_SYS_TYPES_H 1
| #define HAVE_SYS_STAT_H 1
| #define HAVE_STDLIB_H 1
| #define HAVE_STRING_H 1
| #define HAVE_MEMORY_H 1
| #define HAVE_STRINGS_H 1
| #define HAVE_INTTYPES_H 1
| #define HAVE_STDINT_H 1
| #define HAVE_UNISTD_H 1
| #define __EXTENSIONS__ 1
| #define _ALL_SOURCE 1
| #define _GNU_SOURCE 1
| #define _POSIX_PTHREAD_SEMANTICS 1
| #define _TANDEM_SOURCE 1
| #define HAVE_DLFCN_H 1
| #define LT_OBJDIR ".libs/"
| #define STDC_HEADERS 1
| #define HAVE_FCNTL_H 1
| #define HAVE_INTTYPES_H 1
| #define HAVE_LIMITS_H 1
| #define HAVE_STDLIB_H 1
| #define HAVE_UNISTD_H 1
| #define HAVE_FTRUNCATE 1
| #define HAVE_MEMSET 1
| #define HAVE_MKDIR 1
| #define HAVE_STRCHR 1
| #define HAVE_STRERROR 1
| #define HAVE_STRTOL 1
| #define HAVE_ZLIB 1
| /* end confdefs.h.  */
| #include <pthread.h>
| int
| main ()
| {
| pthread_t th; pthread_join(th, 0);
|                      pthread_attr_init(0); pthread_cleanup_push(0, 0);
|                      pthread_create(0,0,0,0); pthread_cleanup_pop(0);
|   ;
|   return 0;
| }
configure:15472: result: no
configure:15380: checking whether pthreads work with -Kthread
configure:15463: gcc -o conftest  -Kthread   conftest.c  -lz  >&5
gcc: error: unrecognized command line option '-Kthread'
configure:15463: $? = 1
configure: failed program was:
| /* confdefs.h */
| #define PACKAGE_NAME "Protocol Buffers"
| #define PACKAGE_TARNAME "protobuf"
| #define PACKAGE_VERSION "2.4.1"
| #define PACKAGE_STRING "Protocol Buffers 2.4.1"
| #define PACKAGE_BUGREPORT "protobuf@googlegroups.com"
| #define PACKAGE_URL ""
| #define PACKAGE "protobuf"
| #define VERSION "2.4.1"
| #define STDC_HEADERS 1
| #define HAVE_SYS_TYPES_H 1
| #define HAVE_SYS_STAT_H 1
| #define HAVE_STDLIB_H 1
| #define HAVE_STRING_H 1
| #define HAVE_MEMORY_H 1
| #define HAVE_STRINGS_H 1
| #define HAVE_INTTYPES_H 1
| #define HAVE_STDINT_H 1
| #define HAVE_UNISTD_H 1
| #define __EXTENSIONS__ 1
| #define _ALL_SOURCE 1
| #define _GNU_SOURCE 1
| #define _POSIX_PTHREAD_SEMANTICS 1
| #define _TANDEM_SOURCE 1
| #define HAVE_DLFCN_H 1
| #define LT_OBJDIR ".libs/"
| #define STDC_HEADERS 1
| #define HAVE_FCNTL_H 1
| #define HAVE_INTTYPES_H 1
| #define HAVE_LIMITS_H 1
| #define HAVE_STDLIB_H 1
| #define HAVE_UNISTD_H 1
| #define HAVE_FTRUNCATE 1
| #define HAVE_MEMSET 1
| #define HAVE_MKDIR 1
| #define HAVE_STRCHR 1
| #define HAVE_STRERROR 1
| #define HAVE_STRTOL 1
| #define HAVE_ZLIB 1
| /* end confdefs.h.  */
| #include <pthread.h>
| int
| main ()
| {
| pthread_t th; pthread_join(th, 0);
|                      pthread_attr_init(0); pthread_cleanup_push(0, 0);
|                      pthread_create(0,0,0,0); pthread_cleanup_pop(0);
|   ;
|   return 0;
| }
configure:15472: result: no
configure:15380: checking whether pthreads work with -kthread
configure:15463: gcc -o conftest  -kthread   conftest.c  -lz  >&5
gcc: error: unrecognized command line option '-kthread'
configure:15463: $? = 1
configure: failed program was:
| /* confdefs.h */
| #define PACKAGE_NAME "Protocol Buffers"
| #define PACKAGE_TARNAME "protobuf"
| #define PACKAGE_VERSION "2.4.1"
| #define PACKAGE_STRING "Protocol Buffers 2.4.1"
| #define PACKAGE_BUGREPORT "protobuf@googlegroups.com"
| #define PACKAGE_URL ""
| #define PACKAGE "protobuf"
| #define VERSION "2.4.1"
| #define STDC_HEADERS 1
| #define HAVE_SYS_TYPES_H 1
| #define HAVE_SYS_STAT_H 1
| #define HAVE_STDLIB_H 1
| #define HAVE_STRING_H 1
| #define HAVE_MEMORY_H 1
| #define HAVE_STRINGS_H 1
| #define HAVE_INTTYPES_H 1
| #define HAVE_STDINT_H 1
| #define HAVE_UNISTD_H 1
| #define __EXTENSIONS__ 1
| #define _ALL_SOURCE 1
| #define _GNU_SOURCE 1
| #define _POSIX_PTHREAD_SEMANTICS 1
| #define _TANDEM_SOURCE 1
| #define HAVE_DLFCN_H 1
| #define LT_OBJDIR ".libs/"
| #define STDC_HEADERS 1
| #define HAVE_FCNTL_H 1
| #define HAVE_INTTYPES_H 1
| #define HAVE_LIMITS_H 1
| #define HAVE_STDLIB_H 1
| #define HAVE_UNISTD_H 1
| #define HAVE_FTRUNCATE 1
| #define HAVE_MEMSET 1
| #define HAVE_MKDIR 1
| #define HAVE_STRCHR 1
| #define HAVE_STRERROR 1
| #define HAVE_STRTOL 1
| #define HAVE_ZLIB 1
| /* end confdefs.h.  */
| #include <pthread.h>
| int
| main ()
| {
| pthread_t th; pthread_join(th, 0);
|                      pthread_attr_init(0); pthread_cleanup_push(0, 0);
|                      pthread_create(0,0,0,0); pthread_cleanup_pop(0);
|   ;
|   return 0;
| }
configure:15472: result: no
configure:15430: checking for the pthreads library -llthread
configure:15463: gcc -o conftest     conftest.c -llthread -lz  >&5
conftest.c: In function 'main':
conftest.c:46:22: warning: null argument where non-null required (argument 1) [-Wnonnull]
                      pthread_attr_init(0); pthread_cleanup_push(0, 0);
                      ^
conftest.c:47:22: warning: null argument where non-null required (argument 1) [-Wnonnull]
                      pthread_create(0,0,0,0); pthread_cleanup_pop(0);
                      ^
conftest.c:47:22: warning: null argument where non-null required (argument 3) [-Wnonnull]
/usr/bin/ld: cannot find -llthread
collect2: error: ld returned 1 exit status
configure:15463: $? = 1
configure: failed program was:
| /* confdefs.h */
| #define PACKAGE_NAME "Protocol Buffers"
| #define PACKAGE_TARNAME "protobuf"
| #define PACKAGE_VERSION "2.4.1"
| #define PACKAGE_STRING "Protocol Buffers 2.4.1"
| #define PACKAGE_BUGREPORT "protobuf@googlegroups.com"
| #define PACKAGE_URL ""
| #define PACKAGE "protobuf"
| #define VERSION "2.4.1"
| #define STDC_HEADERS 1
| #define HAVE_SYS_TYPES_H 1
| #define HAVE_SYS_STAT_H 1
| #define HAVE_STDLIB_H 1
| #define HAVE_STRING_H 1
| #define HAVE_MEMORY_H 1
| #define HAVE_STRINGS_H 1
| #define HAVE_INTTYPES_H 1
| #define HAVE_STDINT_H 1
| #define HAVE_UNISTD_H 1
| #define __EXTENSIONS__ 1
| #define _ALL_SOURCE 1
| #define _GNU_SOURCE 1
| #define _POSIX_PTHREAD_SEMANTICS 1
| #define _TANDEM_SOURCE 1
| #define HAVE_DLFCN_H 1
| #define LT_OBJDIR ".libs/"
| #define STDC_HEADERS 1
| #define HAVE_FCNTL_H 1
| #define HAVE_INTTYPES_H 1
| #define HAVE_LIMITS_H 1
| #define HAVE_STDLIB_H 1
| #define HAVE_UNISTD_H 1
| #define HAVE_FTRUNCATE 1
| #define HAVE_MEMSET 1
| #define HAVE_MKDIR 1
| #define HAVE_STRCHR 1
| #define HAVE_STRERROR 1
| #define HAVE_STRTOL 1
| #define HAVE_ZLIB 1
| /* end confdefs.h.  */
| #include <pthread.h>
| int
| main ()
| {
| pthread_t th; pthread_join(th, 0);
|                      pthread_attr_init(0); pthread_cleanup_push(0, 0);
|                      pthread_create(0,0,0,0); pthread_cleanup_pop(0);
|   ;
|   return 0;
| }
configure:15472: result: no
configure:15380: checking whether pthreads work with -pthread
configure:15463: gcc -o conftest  -pthread   conftest.c  -lz  >&5
conftest.c: In function 'main':
conftest.c:46:22: warning: null argument where non-null required (argument 1) [-Wnonnull]
                      pthread_attr_init(0); pthread_cleanup_push(0, 0);
                      ^
conftest.c:47:22: warning: null argument where non-null required (argument 1) [-Wnonnull]
                      pthread_create(0,0,0,0); pthread_cleanup_pop(0);
                      ^
conftest.c:47:22: warning: null argument where non-null required (argument 3) [-Wnonnull]
configure:15463: $? = 0
configure:15472: result: yes
configure:15491: checking for joinable pthread attribute
configure:15506: gcc -o conftest  -pthread   conftest.c  -lz  >&5
configure:15506: $? = 0
configure:15512: result: PTHREAD_CREATE_JOINABLE
configure:15522: checking if more special flags are required for pthreads
configure:15529: result: no
configure:15618: checking whether to check for GCC pthread/shared inconsistencies
configure:15631: gcc -o conftest -shared -fPIC -Wl,-z,defs  -pthread   conftest.c  -lz  >&5
configure:15631: $? = 0
configure:15643: result: yes
configure:15649: checking whether -pthread is sufficient with -shared
configure:15664: gcc -o conftest -shared -fPIC -Wl,-z,defs  -pthread   conftest.c  -lz  >&5
conftest.c: In function 'main':
conftest.c:46:8: warning: null argument where non-null required (argument 1) [-Wnonnull]
        pthread_attr_init(0); pthread_cleanup_push(0, 0);
        ^
conftest.c:47:8: warning: null argument where non-null required (argument 1) [-Wnonnull]
        pthread_create(0,0,0,0); pthread_cleanup_pop(0);
        ^
conftest.c:47:8: warning: null argument where non-null required (argument 3) [-Wnonnull]
configure:15664: $? = 0
configure:15671: result: yes
configure:15759: checking whether what we have so far is sufficient with -nostdlib
configure:15777: gcc -o conftest -nostdlib -shared -fPIC -Wl,-z,defs  -pthread   conftest.c  -lz  -lc >&5
conftest.c: In function 'main':
conftest.c:46:9: warning: null argument where non-null required (argument 1) [-Wnonnull]
         pthread_attr_init(0); pthread_cleanup_push(0, 0);
         ^
conftest.c:47:9: warning: null argument where non-null required (argument 1) [-Wnonnull]
         pthread_create(0,0,0,0); pthread_cleanup_pop(0);
         ^
conftest.c:47:9: warning: null argument where non-null required (argument 3) [-Wnonnull]
/tmp/ccOBmZkl.o: In function `main':
conftest.c:(.text+0x18): undefined reference to `pthread_join'
conftest.c:(.text+0x7e): undefined reference to `__pthread_register_cancel'
conftest.c:(.text+0x97): undefined reference to `pthread_create'
conftest.c:(.text+0xa6): undefined reference to `__pthread_unregister_cancel'
collect2: error: ld returned 1 exit status
configure:15777: $? = 1
configure: failed program was:
| /* confdefs.h */
| #define PACKAGE_NAME "Protocol Buffers"
| #define PACKAGE_TARNAME "protobuf"
| #define PACKAGE_VERSION "2.4.1"
| #define PACKAGE_STRING "Protocol Buffers 2.4.1"
| #define PACKAGE_BUGREPORT "protobuf@googlegroups.com"
| #define PACKAGE_URL ""
| #define PACKAGE "protobuf"
| #define VERSION "2.4.1"
| #define STDC_HEADERS 1
| #define HAVE_SYS_TYPES_H 1
| #define HAVE_SYS_STAT_H 1
| #define HAVE_STDLIB_H 1
| #define HAVE_STRING_H 1
| #define HAVE_MEMORY_H 1
| #define HAVE_STRINGS_H 1
| #define HAVE_INTTYPES_H 1
| #define HAVE_STDINT_H 1
| #define HAVE_UNISTD_H 1
| #define __EXTENSIONS__ 1
| #define _ALL_SOURCE 1
| #define _GNU_SOURCE 1
| #define _POSIX_PTHREAD_SEMANTICS 1
| #define _TANDEM_SOURCE 1
| #define HAVE_DLFCN_H 1
| #define LT_OBJDIR ".libs/"
| #define STDC_HEADERS 1
| #define HAVE_FCNTL_H 1
| #define HAVE_INTTYPES_H 1
| #define HAVE_LIMITS_H 1
| #define HAVE_STDLIB_H 1
| #define HAVE_UNISTD_H 1
| #define HAVE_FTRUNCATE 1
| #define HAVE_MEMSET 1
| #define HAVE_MKDIR 1
| #define HAVE_STRCHR 1
| #define HAVE_STRERROR 1
| #define HAVE_STRTOL 1
| #define HAVE_ZLIB 1
| /* end confdefs.h.  */
| #include <pthread.h>
| int
| main ()
| {
| pthread_t th; pthread_join(th, 0);
| 	       pthread_attr_init(0); pthread_cleanup_push(0, 0);
| 	       pthread_create(0,0,0,0); pthread_cleanup_pop(0);
|   ;
|   return 0;
| }
configure:15789: result: no
configure:15794: checking whether -lpthread saves the day
configure:15810: gcc -o conftest -nostdlib -shared -fPIC -Wl,-z,defs  -pthread   conftest.c -lpthread  -lz  -lc >&5
conftest.c: In function 'main':
conftest.c:46:9: warning: null argument where non-null required (argument 1) [-Wnonnull]
         pthread_attr_init(0); pthread_cleanup_push(0, 0);
         ^
conftest.c:47:9: warning: null argument where non-null required (argument 1) [-Wnonnull]
         pthread_create(0,0,0,0); pthread_cleanup_pop(0);
         ^
conftest.c:47:9: warning: null argument where non-null required (argument 3) [-Wnonnull]
configure:15810: $? = 0
configure:15819: result: yes
configure:15859: checking the location of hash_map
configure:15885: g++ -c  -g -DNDEBUG  conftest.cpp >&5
configure:15885: $? = 0
configure:15907: g++ -c  -g -DNDEBUG  conftest.cpp >&5
In file included from /usr/include/c++/4.8/unordered_map:35:0,
                 from conftest.cpp:42:
/usr/include/c++/4.8/bits/c++0x_warning.h:32:2: error: #error This file requires compiler and library support for the ISO C++ 2011 standard. This support is currently experimental, and must be enabled with the -std=c++11 or -std=gnu++11 compiler options.
 #error This file requires compiler and library support for the \
  ^
conftest.cpp: In function 'int main()':
conftest.cpp:46:7: error: 'unordered_map' in namespace 'std' does not name a type
 const std::unordered_map<int, int> t;
       ^
conftest.cpp:47:33: error: 't' was not declared in this scope
                          return t.find(5) == t.end();
                                 ^
configure:15907: $? = 1
configure: failed program was:
| /* confdefs.h */
| #define PACKAGE_NAME "Protocol Buffers"
| #define PACKAGE_TARNAME "protobuf"
| #define PACKAGE_VERSION "2.4.1"
| #define PACKAGE_STRING "Protocol Buffers 2.4.1"
| #define PACKAGE_BUGREPORT "protobuf@googlegroups.com"
| #define PACKAGE_URL ""
| #define PACKAGE "protobuf"
| #define VERSION "2.4.1"
| #define STDC_HEADERS 1
| #define HAVE_SYS_TYPES_H 1
| #define HAVE_SYS_STAT_H 1
| #define HAVE_STDLIB_H 1
| #define HAVE_STRING_H 1
| #define HAVE_MEMORY_H 1
| #define HAVE_STRINGS_H 1
| #define HAVE_INTTYPES_H 1
| #define HAVE_STDINT_H 1
| #define HAVE_UNISTD_H 1
| #define __EXTENSIONS__ 1
| #define _ALL_SOURCE 1
| #define _GNU_SOURCE 1
| #define _POSIX_PTHREAD_SEMANTICS 1
| #define _TANDEM_SOURCE 1
| #define HAVE_DLFCN_H 1
| #define LT_OBJDIR ".libs/"
| #define STDC_HEADERS 1
| #define HAVE_FCNTL_H 1
| #define HAVE_INTTYPES_H 1
| #define HAVE_LIMITS_H 1
| #define HAVE_STDLIB_H 1
| #define HAVE_UNISTD_H 1
| #define HAVE_FTRUNCATE 1
| #define HAVE_MEMSET 1
| #define HAVE_MKDIR 1
| #define HAVE_STRCHR 1
| #define HAVE_STRERROR 1
| #define HAVE_STRTOL 1
| #define HAVE_ZLIB 1
| #define HAVE_PTHREAD 1
| /* end confdefs.h.  */
| #include <unordered_map>
| int
| main ()
| {
| const std::unordered_map<int, int> t;
|                          return t.find(5) == t.end();
|   ;
|   return 0;
| }
configure:15907: g++ -c  -g -DNDEBUG  conftest.cpp >&5
In file included from /usr/include/c++/4.8/unordered_map:35:0,
                 from conftest.cpp:42:
/usr/include/c++/4.8/bits/c++0x_warning.h:32:2: error: #error This file requires compiler and library support for the ISO C++ 2011 standard. This support is currently experimental, and must be enabled with the -std=c++11 or -std=gnu++11 compiler options.
 #error This file requires compiler and library support for the \
  ^
conftest.cpp: In function 'int main()':
conftest.cpp:46:7: error: 'tr1' in namespace 'std' does not name a type
 const std::tr1::unordered_map<int, int> t;
       ^
conftest.cpp:47:33: error: 't' was not declared in this scope
                          return t.find(5) == t.end();
                                 ^
configure:15907: $? = 1
configure: failed program was:
| /* confdefs.h */
| #define PACKAGE_NAME "Protocol Buffers"
| #define PACKAGE_TARNAME "protobuf"
| #define PACKAGE_VERSION "2.4.1"
| #define PACKAGE_STRING "Protocol Buffers 2.4.1"
| #define PACKAGE_BUGREPORT "protobuf@googlegroups.com"
| #define PACKAGE_URL ""
| #define PACKAGE "protobuf"
| #define VERSION "2.4.1"
| #define STDC_HEADERS 1
| #define HAVE_SYS_TYPES_H 1
| #define HAVE_SYS_STAT_H 1
| #define HAVE_STDLIB_H 1
| #define HAVE_STRING_H 1
| #define HAVE_MEMORY_H 1
| #define HAVE_STRINGS_H 1
| #define HAVE_INTTYPES_H 1
| #define HAVE_STDINT_H 1
| #define HAVE_UNISTD_H 1
| #define __EXTENSIONS__ 1
| #define _ALL_SOURCE 1
| #define _GNU_SOURCE 1
| #define _POSIX_PTHREAD_SEMANTICS 1
| #define _TANDEM_SOURCE 1
| #define HAVE_DLFCN_H 1
| #define LT_OBJDIR ".libs/"
| #define STDC_HEADERS 1
| #define HAVE_FCNTL_H 1
| #define HAVE_INTTYPES_H 1
| #define HAVE_LIMITS_H 1
| #define HAVE_STDLIB_H 1
| #define HAVE_UNISTD_H 1
| #define HAVE_FTRUNCATE 1
| #define HAVE_MEMSET 1
| #define HAVE_MKDIR 1
| #define HAVE_STRCHR 1
| #define HAVE_STRERROR 1
| #define HAVE_STRTOL 1
| #define HAVE_ZLIB 1
| #define HAVE_PTHREAD 1
| /* end confdefs.h.  */
| #include <unordered_map>
| int
| main ()
| {
| const std::tr1::unordered_map<int, int> t;
|                          return t.find(5) == t.end();
|   ;
|   return 0;
| }
configure:15907: g++ -c  -g -DNDEBUG  conftest.cpp >&5
conftest.cpp: In function 'int main()':
conftest.cpp:46:7: error: 'unordered_map' in namespace 'std' does not name a type
 const std::unordered_map<int, int> t;
       ^
conftest.cpp:47:33: error: 't' was not declared in this scope
                          return t.find(5) == t.end();
                                 ^
configure:15907: $? = 1
configure: failed program was:
| /* confdefs.h */
| #define PACKAGE_NAME "Protocol Buffers"
| #define PACKAGE_TARNAME "protobuf"
| #define PACKAGE_VERSION "2.4.1"
| #define PACKAGE_STRING "Protocol Buffers 2.4.1"
| #define PACKAGE_BUGREPORT "protobuf@googlegroups.com"
| #define PACKAGE_URL ""
| #define PACKAGE "protobuf"
| #define VERSION "2.4.1"
| #define STDC_HEADERS 1
| #define HAVE_SYS_TYPES_H 1
| #define HAVE_SYS_STAT_H 1
| #define HAVE_STDLIB_H 1
| #define HAVE_STRING_H 1
| #define HAVE_MEMORY_H 1
| #define HAVE_STRINGS_H 1
| #define HAVE_INTTYPES_H 1
| #define HAVE_STDINT_H 1
| #define HAVE_UNISTD_H 1
| #define __EXTENSIONS__ 1
| #define _ALL_SOURCE 1
| #define _GNU_SOURCE 1
| #define _POSIX_PTHREAD_SEMANTICS 1
| #define _TANDEM_SOURCE 1
| #define HAVE_DLFCN_H 1
| #define LT_OBJDIR ".libs/"
| #define STDC_HEADERS 1
| #define HAVE_FCNTL_H 1
| #define HAVE_INTTYPES_H 1
| #define HAVE_LIMITS_H 1
| #define HAVE_STDLIB_H 1
| #define HAVE_UNISTD_H 1
| #define HAVE_FTRUNCATE 1
| #define HAVE_MEMSET 1
| #define HAVE_MKDIR 1
| #define HAVE_STRCHR 1
| #define HAVE_STRERROR 1
| #define HAVE_STRTOL 1
| #define HAVE_ZLIB 1
| #define HAVE_PTHREAD 1
| /* end confdefs.h.  */
| #include <tr1/unordered_map>
| int
| main ()
| {
| const std::unordered_map<int, int> t;
|                          return t.find(5) == t.end();
|   ;
|   return 0;
| }
configure:15907: g++ -c  -g -DNDEBUG  conftest.cpp >&5
configure:15907: $? = 0
configure:15974: result: <tr1/unordered_map>
configure:16146: creating ./config.status

## ---------------- ##
## Cache variables. ##
## ---------------- ##

ac_cv_build=x86_64-unknown-linux-gnu
ac_cv_c_compiler_gnu=yes
ac_cv_cxx_compiler_gnu=yes
ac_cv_cxx_hash_map='<tr1/unordered_map>'
ac_cv_cxx_hash_map_class=unordered_map
ac_cv_cxx_hash_namespace=std::tr1
ac_cv_cxx_hash_set='<tr1/unordered_set>'
ac_cv_cxx_hash_set_class=unordered_set
ac_cv_env_CCC_set=
ac_cv_env_CCC_value=
ac_cv_env_CC_set=
ac_cv_env_CC_value=
ac_cv_env_CFLAGS_set=
ac_cv_env_CFLAGS_value=
ac_cv_env_CPPFLAGS_set=
ac_cv_env_CPPFLAGS_value=
ac_cv_env_CXXCPP_set=
ac_cv_env_CXXCPP_value=
ac_cv_env_CXXFLAGS_set=
ac_cv_env_CXXFLAGS_value=
ac_cv_env_CXX_set=
ac_cv_env_CXX_value=
ac_cv_env_LDFLAGS_set=
ac_cv_env_LDFLAGS_value=
ac_cv_env_LIBS_set=
ac_cv_env_LIBS_value=
ac_cv_env_build_alias_set=
ac_cv_env_build_alias_value=
ac_cv_env_host_alias_set=
ac_cv_env_host_alias_value=
ac_cv_env_target_alias_set=
ac_cv_env_target_alias_value=
ac_cv_func_ftruncate=yes
ac_cv_func_memcmp_working=yes
ac_cv_func_memset=yes
ac_cv_func_mkdir=yes
ac_cv_func_strchr=yes
ac_cv_func_strerror=yes
ac_cv_func_strtod=yes
ac_cv_func_strtol=yes
ac_cv_have_decl___SUNPRO_CC=no
ac_cv_header_dlfcn_h=yes
ac_cv_header_fcntl_h=yes
ac_cv_header_inttypes_h=yes
ac_cv_header_limits_h=yes
ac_cv_header_memory_h=yes
ac_cv_header_minix_config_h=no
ac_cv_header_stdc=yes
ac_cv_header_stdint_h=yes
ac_cv_header_stdlib_h=yes
ac_cv_header_string_h=yes
ac_cv_header_strings_h=yes
ac_cv_header_sys_stat_h=yes
ac_cv_header_sys_types_h=yes
ac_cv_header_unistd_h=yes
ac_cv_host=x86_64-unknown-linux-gnu
ac_cv_objext=o
ac_cv_path_EGREP='/bin/grep -E'
ac_cv_path_FGREP='/bin/grep -F'
ac_cv_path_GREP=/bin/grep
ac_cv_path_SED=/bin/sed
ac_cv_path_install='/usr/bin/install -c'
ac_cv_path_mkdir=/bin/mkdir
ac_cv_prog_AWK=mawk
ac_cv_prog_CXXCPP='g++ -E'
ac_cv_prog_ac_ct_AR=ar
ac_cv_prog_ac_ct_CC=gcc
ac_cv_prog_ac_ct_CXX=g++
ac_cv_prog_ac_ct_OBJDUMP=objdump
ac_cv_prog_ac_ct_RANLIB=ranlib
ac_cv_prog_ac_ct_STRIP=strip
ac_cv_prog_cc_c89=
ac_cv_prog_cc_g=yes
ac_cv_prog_cxx_g=yes
ac_cv_prog_make_make_set=yes
ac_cv_safe_to_define___extensions__=yes
ac_cv_search_zlibVersion=-lz
ac_cv_target=x86_64-unknown-linux-gnu
am_cv_CC_dependencies_compiler_type=gcc3
am_cv_CXX_dependencies_compiler_type=gcc3
lt_cv_deplibs_check_method=pass_all
lt_cv_file_magic_cmd='$MAGIC_CMD'
lt_cv_file_magic_test_file=
lt_cv_ld_reload_flag=-r
lt_cv_nm_interface='BSD nm'
lt_cv_objdir=.libs
lt_cv_path_LD=/usr/bin/ld
lt_cv_path_LDCXX='/usr/bin/ld -m elf_x86_64'
lt_cv_path_NM='/usr/bin/nm -B'
lt_cv_prog_compiler_c_o=yes
lt_cv_prog_compiler_c_o_CXX=yes
lt_cv_prog_compiler_pic_works=yes
lt_cv_prog_compiler_pic_works_CXX=yes
lt_cv_prog_compiler_rtti_exceptions=no
lt_cv_prog_compiler_static_works=yes
lt_cv_prog_compiler_static_works_CXX=yes
lt_cv_prog_gnu_ld=yes
lt_cv_prog_gnu_ldcxx=yes
lt_cv_sys_global_symbol_pipe='sed -n -e '\''s/^.*[	 ]\([ABCDGIRSTW][ABCDGIRSTW]*\)[	 ][	 ]*\([_A-Za-z][_A-Za-z0-9]*\)$/\1 \2 \2/p'\'''
lt_cv_sys_global_symbol_to_c_name_address='sed -n -e '\''s/^: \([^ ]*\) $/  {\"\1\", (void *) 0},/p'\'' -e '\''s/^[ABCDGIRSTW]* \([^ ]*\) \([^ ]*\)$/  {"\2", (void *) \&\2},/p'\'''
lt_cv_sys_global_symbol_to_c_name_address_lib_prefix='sed -n -e '\''s/^: \([^ ]*\) $/  {\"\1\", (void *) 0},/p'\'' -e '\''s/^[ABCDGIRSTW]* \([^ ]*\) \(lib[^ ]*\)$/  {"\2", (void *) \&\2},/p'\'' -e '\''s/^[ABCDGIRSTW]* \([^ ]*\) \([^ ]*\)$/  {"lib\2", (void *) \&\2},/p'\'''
lt_cv_sys_global_symbol_to_cdecl='sed -n -e '\''s/^T .* \(.*\)$/extern int \1();/p'\'' -e '\''s/^[ABCDGIRSTW]* .* \(.*\)$/extern char \1;/p'\'''
lt_cv_sys_max_cmd_len=3458764513820540925

## ----------------- ##
## Output variables. ##
## ----------------- ##

ACLOCAL='${SHELL} /t/data/structure/protobuf/src/c/protoc-2.4.1/protobuf-2.4.1/missing --run aclocal-1.11'
AMDEPBACKSLASH='\'
AMDEP_FALSE='#'
AMDEP_TRUE=''
AMTAR='${SHELL} /t/data/structure/protobuf/src/c/protoc-2.4.1/protobuf-2.4.1/missing --run tar'
AR='ar'
AUTOCONF='${SHELL} /t/data/structure/protobuf/src/c/protoc-2.4.1/protobuf-2.4.1/missing --run autoconf'
AUTOHEADER='${SHELL} /t/data/structure/protobuf/src/c/protoc-2.4.1/protobuf-2.4.1/missing --run autoheader'
AUTOMAKE='${SHELL} /t/data/structure/protobuf/src/c/protoc-2.4.1/protobuf-2.4.1/missing --run automake-1.11'
AWK='mawk'
CC='gcc'
CCDEPMODE='depmode=gcc3'
CFLAGS=''
CPPFLAGS=''
CXX='g++'
CXXCPP='g++ -E'
CXXDEPMODE='depmode=gcc3'
CXXFLAGS=' -g -DNDEBUG'
CYGPATH_W='echo'
DEFS='-DHAVE_CONFIG_H'
DEPDIR='.deps'
DSYMUTIL=''
DUMPBIN=''
ECHO_C=''
ECHO_N='-n'
ECHO_T=''
EGREP='/bin/grep -E'
EXEEXT=''
FGREP='/bin/grep -F'
GCC_FALSE='#'
GCC_TRUE=''
GREP='/bin/grep'
HAVE_ZLIB_FALSE='#'
HAVE_ZLIB_TRUE=''
INSTALL_DATA='${INSTALL} -m 644'
INSTALL_PROGRAM='${INSTALL}'
INSTALL_SCRIPT='${INSTALL}'
INSTALL_STRIP_PROGRAM='$(install_sh) -c -s'
ISAINFO=''
LD='/usr/bin/ld -m elf_x86_64'
LDFLAGS=''
LIBOBJS=''
LIBS='-lz '
LIBTOOL='$(SHELL) $(top_builddir)/libtool'
LIPO=''
LN_S='ln -s'
LTLIBOBJS=''
MAKEINFO='${SHELL} /t/data/structure/protobuf/src/c/protoc-2.4.1/protobuf-2.4.1/missing --run makeinfo'
MKDIR_P='/bin/mkdir -p'
NM='/usr/bin/nm -B'
NMEDIT=''
OBJDUMP='objdump'
OBJEXT='o'
OTOOL64=''
OTOOL=''
PACKAGE='protobuf'
PACKAGE_BUGREPORT='protobuf@googlegroups.com'
PACKAGE_NAME='Protocol Buffers'
PACKAGE_STRING='Protocol Buffers 2.4.1'
PACKAGE_TARNAME='protobuf'
PACKAGE_URL=''
PACKAGE_VERSION='2.4.1'
PATH_SEPARATOR=':'
POW_LIB=''
PROTOBUF_OPT_FLAG='-O2'
PROTOC=''
PTHREAD_CC='gcc'
PTHREAD_CFLAGS='-pthread'
PTHREAD_LIBS=' -lpthread'
RANLIB='ranlib'
SED='/bin/sed'
SET_MAKE=''
SHELL='/bin/bash'
STRIP='strip'
USE_EXTERNAL_PROTOC_FALSE=''
USE_EXTERNAL_PROTOC_TRUE='#'
VERSION='2.4.1'
ac_ct_CC='gcc'
ac_ct_CXX='g++'
ac_ct_DUMPBIN=''
acx_pthread_config=''
am__EXEEXT_FALSE=''
am__EXEEXT_TRUE='#'
am__fastdepCC_FALSE='#'
am__fastdepCC_TRUE=''
am__fastdepCXX_FALSE='#'
am__fastdepCXX_TRUE=''
am__include='include'
am__isrc=''
am__leading_dot='.'
am__quote=''
am__tar='${AMTAR} chof - "$$tardir"'
am__untar='${AMTAR} xf -'
bindir='${exec_prefix}/bin'
build='x86_64-unknown-linux-gnu'
build_alias=''
build_cpu='x86_64'
build_os='linux-gnu'
build_vendor='unknown'
datadir='${datarootdir}'
datarootdir='${prefix}/share'
docdir='${datarootdir}/doc/${PACKAGE_TARNAME}'
dvidir='${docdir}'
exec_prefix='${prefix}'
host='x86_64-unknown-linux-gnu'
host_alias=''
host_cpu='x86_64'
host_os='linux-gnu'
host_vendor='unknown'
htmldir='${docdir}'
includedir='${prefix}/include'
infodir='${datarootdir}/info'
install_sh='${SHELL} /t/data/structure/protobuf/src/c/protoc-2.4.1/protobuf-2.4.1/install-sh'
libdir='${exec_prefix}/lib'
libexecdir='${exec_prefix}/libexec'
localedir='${datarootdir}/locale'
localstatedir='${prefix}/var'
lt_ECHO='echo'
mandir='${datarootdir}/man'
mkdir_p='/bin/mkdir -p'
oldincludedir='/usr/include'
pdfdir='${docdir}'
prefix='/usr/local'
program_transform_name='s,x,x,'
psdir='${docdir}'
sbindir='${exec_prefix}/sbin'
sharedstatedir='${prefix}/com'
subdirs=' gtest'
sysconfdir='${prefix}/etc'
target='x86_64-unknown-linux-gnu'
target_alias=''
target_cpu='x86_64'
target_os='linux-gnu'
target_vendor='unknown'

## ----------- ##
## confdefs.h. ##
## ----------- ##

/* confdefs.h */
#define PACKAGE_NAME "Protocol Buffers"
#define PACKAGE_TARNAME "protobuf"
#define PACKAGE_VERSION "2.4.1"
#define PACKAGE_STRING "Protocol Buffers 2.4.1"
#define PACKAGE_BUGREPORT "protobuf@googlegroups.com"
#define PACKAGE_URL ""
#define PACKAGE "protobuf"
#define VERSION "2.4.1"
#define STDC_HEADERS 1
#define HAVE_SYS_TYPES_H 1
#define HAVE_SYS_STAT_H 1
#define HAVE_STDLIB_H 1
#define HAVE_STRING_H 1
#define HAVE_MEMORY_H 1
#define HAVE_STRINGS_H 1
#define HAVE_INTTYPES_H 1
#define HAVE_STDINT_H 1
#define HAVE_UNISTD_H 1
#define __EXTENSIONS__ 1
#define _ALL_SOURCE 1
#define _GNU_SOURCE 1
#define _POSIX_PTHREAD_SEMANTICS 1
#define _TANDEM_SOURCE 1
#define HAVE_DLFCN_H 1
#define LT_OBJDIR ".libs/"
#define STDC_HEADERS 1
#define HAVE_FCNTL_H 1
#define HAVE_INTTYPES_H 1
#define HAVE_LIMITS_H 1
#define HAVE_STDLIB_H 1
#define HAVE_UNISTD_H 1
#define HAVE_FTRUNCATE 1
#define HAVE_MEMSET 1
#define HAVE_MKDIR 1
#define HAVE_STRCHR 1
#define HAVE_STRERROR 1
#define HAVE_STRTOL 1
#define HAVE_ZLIB 1
#define HAVE_PTHREAD 1
#define HAVE_HASH_MAP 1
#define HAVE_HASH_SET 1
#define HASH_MAP_H <tr1/unordered_map>
#define HASH_SET_H <tr1/unordered_set>
#define HASH_NAMESPACE std::tr1
#define HASH_MAP_CLASS unordered_map
#define HASH_SET_CLASS unordered_set

configure: exit 0

## ---------------------- ##
## Running config.status. ##
## ---------------------- ##

This file was extended by Protocol Buffers config.status 2.4.1, which was
generated by GNU Autoconf 2.69.  Invocation command line was

  CONFIG_FILES    = 
  CONFIG_HEADERS  = 
  CONFIG_LINKS    = 
  CONFIG_COMMANDS = 
  $ ./config.status 

on eric

config.status:1168: creating Makefile
config.status:1168: creating src/Makefile
config.status:1168: creating protobuf.pc
config.status:1168: creating protobuf-lite.pc
config.status:1168: creating config.h
config.status:1349: config.h is unchanged
config.status:1397: executing depfiles commands
config.status:1397: executing libtool commands

## ---------------------- ##
## Running config.status. ##
## ---------------------- ##

This file was extended by Protocol Buffers config.status 2.4.1, which was
generated by GNU Autoconf 2.69.  Invocation command line was

  CONFIG_FILES    = 
  CONFIG_HEADERS  = 
  CONFIG_LINKS    = 
  CONFIG_COMMANDS = 
  $ ./config.status config.h

on eric

config.status:1168: creating config.h
config.status:1349: config.h is unchanged
